2022-10-01 23:04:04,043 - server - INFO - this logger named server created
2022-10-01 23:04:04,043 - server - INFO - this logger named server created
2022-10-01 23:04:04,043 - server - INFO - setup: defining constants
2022-10-01 23:04:04,043 - server - INFO - setup: defining constants
2022-10-01 23:04:04,043 - server - INFO - setup: reading hashed key file
2022-10-01 23:04:04,043 - server - INFO - setup: reading hashed key file
2022-10-01 23:04:04,044 - server - INFO - setup: reading image path lookup file
2022-10-01 23:04:04,044 - server - INFO - setup: reading image path lookup file
2022-10-01 23:04:04,044 - server - INFO - setting up flask app
2022-10-01 23:04:04,044 - server - INFO - setting up flask app
2022-10-01 23:04:04,044 - server - INFO - setting up sqlalchemy engine
2022-10-01 23:04:04,044 - server - INFO - setting up sqlalchemy engine
2022-10-01 23:04:04,045 - server - INFO - defining reading class to represent a row in the readings table
2022-10-01 23:04:04,045 - server - INFO - defining reading class to represent a row in the readings table
2022-10-01 23:04:04,046 - server - INFO - creating all tables if not already exists
2022-10-01 23:04:04,046 - server - INFO - creating all tables if not already exists
2022-10-01 23:04:04,047 - server - INFO - define sql index on timestamp to improve read times by timestamp
2022-10-01 23:04:04,047 - server - INFO - define sql index on timestamp to improve read times by timestamp
2022-10-01 23:04:04,047 - server - INFO - defining schema for reading to allow for validation and serialization
2022-10-01 23:04:04,047 - server - INFO - defining schema for reading to allow for validation and serialization
2022-10-01 23:04:04,050 - server - INFO - setting up instances of the schema for serializing readings
2022-10-01 23:04:04,050 - server - INFO - setting up instances of the schema for serializing readings
2022-10-01 23:04:04,050 - server - INFO - defining utility functions
2022-10-01 23:04:04,050 - server - INFO - defining utility functions
2022-10-01 23:04:04,050 - server - INFO - defining functions to handle routes / endpoints
2022-10-01 23:04:04,050 - server - INFO - defining functions to handle routes / endpoints
2022-10-01 23:04:04,050 - server - INFO - binding route handlers to respective route
2022-10-01 23:04:04,050 - server - INFO - binding route handlers to respective route
2022-10-01 23:04:04,053 - server - INFO - defining safe method for running app
2022-10-01 23:04:04,053 - server - INFO - defining safe method for running app
2022-10-01 23:04:04,053 - server - INFO - running app
2022-10-01 23:04:04,053 - server - INFO - running app
2022-10-01 23:04:04,053 - server - DEBUG - Beginning execution of function:   run_app
2022-10-01 23:04:04,053 - server - DEBUG - Beginning execution of function:   run_app
2022-10-01 23:04:10,378 - server - DEBUG - Beginning execution of function:   index
2022-10-01 23:04:10,378 - server - DEBUG - Beginning execution of function:   index
2022-10-01 23:04:10,405 - server - DEBUG - Finished execution of function:   index
2022-10-01 23:04:10,405 - server - DEBUG - Finished execution of function:   index
2022-10-01 23:04:10,406 - server - DEBUG -  function index returned:   <!DOCTYPE html> <html lang="en">  <head>     <meta charset="UTF-8">     <meta name="viewport" content="width=device-width, initial-scale=1.0">     <meta http-equiv="X-UA-Compatible" content="ie=edge">
2022-10-01 23:04:10,406 - server - DEBUG -  function index returned:   <!DOCTYPE html> <html lang="en">  <head>     <meta charset="UTF-8">     <meta name="viewport" content="width=device-width, initial-scale=1.0">     <meta http-equiv="X-UA-Compatible" content="ie=edge">
2022-10-01 23:04:10,443 - server - DEBUG - Beginning execution of function:   give_photo
2022-10-01 23:04:10,443 - server - DEBUG - Beginning execution of function:   give_photo
2022-10-01 23:04:10,444 - server - DEBUG - Beginning execution of function:   give_photo
2022-10-01 23:04:10,444 - server - DEBUG - Beginning execution of function:   give_photo
2022-10-01 23:04:10,448 - server - DEBUG - Beginning execution of function:   background_image
2022-10-01 23:04:10,448 - server - DEBUG - Beginning execution of function:   background_image
2022-10-01 23:04:10,449 - server - DEBUG - Beginning execution of function:   give_photo
2022-10-01 23:04:10,449 - server - DEBUG - Beginning execution of function:   give_photo
2022-10-01 23:04:10,466 - server - DEBUG - Finished execution of function:   give_photo
2022-10-01 23:04:10,466 - server - DEBUG - Finished execution of function:   give_photo
2022-10-01 23:04:10,469 - server - DEBUG -  function give_photo returned:   <Response streamed [304 NOT MODIFIED]>
2022-10-01 23:04:10,469 - server - DEBUG -  function give_photo returned:   <Response streamed [304 NOT MODIFIED]>
2022-10-01 23:04:10,470 - server - DEBUG - Finished execution of function:   give_photo
2022-10-01 23:04:10,470 - server - DEBUG - Finished execution of function:   give_photo
2022-10-01 23:04:10,471 - server - DEBUG - Finished execution of function:   give_photo
2022-10-01 23:04:10,471 - server - DEBUG -  function give_photo returned:   <Response streamed [200 OK]>
2022-10-01 23:04:10,471 - server - DEBUG - Finished execution of function:   give_photo
2022-10-01 23:04:10,472 - server - DEBUG -  function give_photo returned:   <Response streamed [304 NOT MODIFIED]>
2022-10-01 23:04:10,471 - server - DEBUG -  function give_photo returned:   <Response streamed [200 OK]>
2022-10-01 23:04:10,472 - server - DEBUG -  function give_photo returned:   <Response streamed [304 NOT MODIFIED]>
2022-10-01 23:04:10,474 - server - DEBUG - Beginning execution of function:   determine_background_image
2022-10-01 23:04:10,474 - server - DEBUG - Beginning execution of function:   determine_background_image
2022-10-01 23:04:10,474 - server - DEBUG - Finished execution of function:   determine_background_image
2022-10-01 23:04:10,474 - server - DEBUG - Finished execution of function:   determine_background_image
2022-10-01 23:04:10,474 - server - DEBUG -  function determine_background_image returned:   night
2022-10-01 23:04:10,474 - server - DEBUG -  function determine_background_image returned:   night
2022-10-01 23:04:10,474 - server - DEBUG - Beginning execution of function:   give_photo
2022-10-01 23:04:10,474 - server - DEBUG - Beginning execution of function:   give_photo
2022-10-01 23:04:10,475 - server - DEBUG - Finished execution of function:   give_photo
2022-10-01 23:04:10,475 - server - DEBUG - Finished execution of function:   give_photo
2022-10-01 23:04:10,476 - server - DEBUG -  function give_photo returned:   <Response streamed [200 OK]>
2022-10-01 23:04:10,476 - server - DEBUG -  function give_photo returned:   <Response streamed [200 OK]>
2022-10-01 23:04:10,476 - server - DEBUG - Finished execution of function:   background_image
2022-10-01 23:04:10,476 - server - DEBUG - Finished execution of function:   background_image
2022-10-01 23:04:10,476 - server - DEBUG -  function background_image returned:   <Response streamed [200 OK]>
2022-10-01 23:04:10,476 - server - DEBUG -  function background_image returned:   <Response streamed [200 OK]>
2022-10-01 23:04:18,047 - server - DEBUG - Beginning execution of function:   get_data
2022-10-01 23:04:18,047 - server - DEBUG - Beginning execution of function:   get_data
2022-10-01 23:04:18,062 - server - DEBUG - Finished execution of function:   get_data
2022-10-01 23:04:18,062 - server - DEBUG - Finished execution of function:   get_data
2022-10-01 23:04:18,062 - server - DEBUG -  function get_data returned:   <Response 5688 bytes [200 OK]>
2022-10-01 23:04:18,062 - server - DEBUG -  function get_data returned:   <Response 5688 bytes [200 OK]>
2022-10-01 23:04:18,152 - server - DEBUG - Beginning execution of function:   give_photo
2022-10-01 23:04:18,153 - server - DEBUG - Beginning execution of function:   give_photo
2022-10-01 23:04:18,152 - server - DEBUG - Beginning execution of function:   give_photo
2022-10-01 23:04:18,153 - server - DEBUG - Beginning execution of function:   give_photo
2022-10-01 23:04:18,153 - server - DEBUG - Beginning execution of function:   give_photo
2022-10-01 23:04:18,153 - server - DEBUG - Beginning execution of function:   give_photo
2022-10-01 23:04:18,155 - server - DEBUG - Beginning execution of function:   background_image
2022-10-01 23:04:18,155 - server - DEBUG - Beginning execution of function:   background_image
2022-10-01 23:04:18,156 - server - DEBUG - Finished execution of function:   give_photo
2022-10-01 23:04:18,158 - server - DEBUG - Finished execution of function:   give_photo
2022-10-01 23:04:18,159 - server - DEBUG - Finished execution of function:   give_photo
2022-10-01 23:04:18,156 - server - DEBUG - Finished execution of function:   give_photo
2022-10-01 23:04:18,158 - server - DEBUG - Finished execution of function:   give_photo
2022-10-01 23:04:18,159 - server - DEBUG - Finished execution of function:   give_photo
2022-10-01 23:04:18,162 - server - DEBUG -  function give_photo returned:   <Response streamed [304 NOT MODIFIED]>
2022-10-01 23:04:18,162 - server - DEBUG -  function give_photo returned:   <Response streamed [304 NOT MODIFIED]>
2022-10-01 23:04:18,162 - server - DEBUG -  function give_photo returned:   <Response streamed [304 NOT MODIFIED]>
2022-10-01 23:04:18,162 - server - DEBUG -  function give_photo returned:   <Response streamed [304 NOT MODIFIED]>
2022-10-01 23:04:18,162 - server - DEBUG -  function give_photo returned:   <Response streamed [304 NOT MODIFIED]>
2022-10-01 23:04:18,162 - server - DEBUG -  function give_photo returned:   <Response streamed [304 NOT MODIFIED]>
2022-10-01 23:04:18,165 - server - DEBUG - Beginning execution of function:   determine_background_image
2022-10-01 23:04:18,165 - server - DEBUG - Beginning execution of function:   determine_background_image
2022-10-01 23:04:18,169 - server - DEBUG - Finished execution of function:   determine_background_image
2022-10-01 23:04:18,169 - server - DEBUG - Finished execution of function:   determine_background_image
2022-10-01 23:04:18,170 - server - DEBUG -  function determine_background_image returned:   night
2022-10-01 23:04:18,170 - server - DEBUG -  function determine_background_image returned:   night
2022-10-01 23:04:18,170 - server - DEBUG - Beginning execution of function:   give_photo
2022-10-01 23:04:18,170 - server - DEBUG - Beginning execution of function:   give_photo
2022-10-01 23:04:18,171 - server - DEBUG - Finished execution of function:   give_photo
2022-10-01 23:04:18,171 - server - DEBUG - Finished execution of function:   give_photo
2022-10-01 23:04:18,172 - server - DEBUG -  function give_photo returned:   <Response streamed [304 NOT MODIFIED]>
2022-10-01 23:04:18,172 - server - DEBUG -  function give_photo returned:   <Response streamed [304 NOT MODIFIED]>
2022-10-01 23:04:18,172 - server - DEBUG - Finished execution of function:   background_image
2022-10-01 23:04:18,172 - server - DEBUG - Finished execution of function:   background_image
2022-10-01 23:04:18,173 - server - DEBUG -  function background_image returned:   <Response streamed [304 NOT MODIFIED]>
2022-10-01 23:04:18,173 - server - DEBUG -  function background_image returned:   <Response streamed [304 NOT MODIFIED]>
2022-10-01 23:05:15,206 - server - DEBUG - Beginning execution of function:   index
2022-10-01 23:05:15,206 - server - DEBUG - Beginning execution of function:   index
2022-10-01 23:05:15,208 - server - DEBUG - Finished execution of function:   index
2022-10-01 23:05:15,208 - server - DEBUG - Finished execution of function:   index
2022-10-01 23:05:15,208 - server - DEBUG -  function index returned:   <!DOCTYPE html> <html lang="en">  <head>     <meta charset="UTF-8">     <meta name="viewport" content="width=device-width, initial-scale=1.0">     <meta http-equiv="X-UA-Compatible" content="ie=edge">
2022-10-01 23:05:15,208 - server - DEBUG -  function index returned:   <!DOCTYPE html> <html lang="en">  <head>     <meta charset="UTF-8">     <meta name="viewport" content="width=device-width, initial-scale=1.0">     <meta http-equiv="X-UA-Compatible" content="ie=edge">
2022-10-01 23:05:15,264 - server - DEBUG - Beginning execution of function:   get_data
2022-10-01 23:05:15,264 - server - DEBUG - Beginning execution of function:   get_data
2022-10-01 23:05:15,280 - server - DEBUG - Finished execution of function:   get_data
2022-10-01 23:05:15,280 - server - DEBUG - Finished execution of function:   get_data
2022-10-01 23:05:15,281 - server - DEBUG -  function get_data returned:   <Response 5688 bytes [200 OK]>
2022-10-01 23:05:15,281 - server - DEBUG -  function get_data returned:   <Response 5688 bytes [200 OK]>
2022-10-01 23:05:15,307 - server - DEBUG - Beginning execution of function:   give_photo
2022-10-01 23:05:15,307 - server - DEBUG - Beginning execution of function:   give_photo
2022-10-01 23:05:15,309 - server - DEBUG - Beginning execution of function:   give_photo
2022-10-01 23:05:15,309 - server - DEBUG - Beginning execution of function:   give_photo
2022-10-01 23:05:15,311 - server - DEBUG - Beginning execution of function:   give_photo
2022-10-01 23:05:15,311 - server - DEBUG - Beginning execution of function:   give_photo
2022-10-01 23:05:15,312 - server - DEBUG - Beginning execution of function:   background_image
2022-10-01 23:05:15,312 - server - DEBUG - Beginning execution of function:   background_image
2022-10-01 23:05:15,314 - server - DEBUG - Finished execution of function:   give_photo
2022-10-01 23:05:15,314 - server - DEBUG - Finished execution of function:   give_photo
2022-10-01 23:05:15,316 - server - DEBUG -  function give_photo returned:   <Response streamed [304 NOT MODIFIED]>
2022-10-01 23:05:15,316 - server - DEBUG -  function give_photo returned:   <Response streamed [304 NOT MODIFIED]>
2022-10-01 23:05:15,315 - server - DEBUG - Finished execution of function:   give_photo
2022-10-01 23:05:15,315 - server - DEBUG - Finished execution of function:   give_photo
2022-10-01 23:05:15,315 - server - DEBUG - Finished execution of function:   give_photo
2022-10-01 23:05:15,315 - server - DEBUG - Finished execution of function:   give_photo
2022-10-01 23:05:15,318 - server - DEBUG -  function give_photo returned:   <Response streamed [304 NOT MODIFIED]>
2022-10-01 23:05:15,318 - server - DEBUG -  function give_photo returned:   <Response streamed [304 NOT MODIFIED]>
2022-10-01 23:05:15,318 - server - DEBUG -  function give_photo returned:   <Response streamed [304 NOT MODIFIED]>
2022-10-01 23:05:15,318 - server - DEBUG -  function give_photo returned:   <Response streamed [304 NOT MODIFIED]>
2022-10-01 23:05:15,321 - server - DEBUG - Beginning execution of function:   give_photo
2022-10-01 23:05:15,321 - server - DEBUG - Beginning execution of function:   give_photo
2022-10-01 23:05:15,322 - server - DEBUG - Beginning execution of function:   give_photo
2022-10-01 23:05:15,322 - server - DEBUG - Beginning execution of function:   give_photo
2022-10-01 23:05:15,323 - server - DEBUG - Beginning execution of function:   determine_background_image
2022-10-01 23:05:15,323 - server - DEBUG - Beginning execution of function:   determine_background_image
2022-10-01 23:05:15,323 - server - DEBUG - Finished execution of function:   determine_background_image
2022-10-01 23:05:15,323 - server - DEBUG - Finished execution of function:   determine_background_image
2022-10-01 23:05:15,323 - server - DEBUG - Finished execution of function:   give_photo
2022-10-01 23:05:15,323 - server - DEBUG - Finished execution of function:   give_photo
2022-10-01 23:05:15,323 - server - DEBUG - Finished execution of function:   give_photo
2022-10-01 23:05:15,324 - server - DEBUG - Beginning execution of function:   give_photo
2022-10-01 23:05:15,324 - server - DEBUG -  function determine_background_image returned:   night
2022-10-01 23:05:15,324 - server - DEBUG -  function give_photo returned:   <Response streamed [304 NOT MODIFIED]>
2022-10-01 23:05:15,323 - server - DEBUG - Finished execution of function:   give_photo
2022-10-01 23:05:15,324 - server - DEBUG - Beginning execution of function:   give_photo
2022-10-01 23:05:15,324 - server - DEBUG -  function give_photo returned:   <Response streamed [304 NOT MODIFIED]>
2022-10-01 23:05:15,324 - server - DEBUG -  function determine_background_image returned:   night
2022-10-01 23:05:15,325 - server - DEBUG - Beginning execution of function:   give_photo
2022-10-01 23:05:15,324 - server - DEBUG -  function give_photo returned:   <Response streamed [304 NOT MODIFIED]>
2022-10-01 23:05:15,324 - server - DEBUG -  function give_photo returned:   <Response streamed [304 NOT MODIFIED]>
2022-10-01 23:05:15,325 - server - DEBUG - Beginning execution of function:   give_photo
2022-10-01 23:05:15,326 - server - DEBUG - Finished execution of function:   give_photo
2022-10-01 23:05:15,326 - server - DEBUG - Finished execution of function:   give_photo
2022-10-01 23:05:15,326 - server - DEBUG -  function give_photo returned:   <Response streamed [304 NOT MODIFIED]>
2022-10-01 23:05:15,326 - server - DEBUG -  function give_photo returned:   <Response streamed [304 NOT MODIFIED]>
2022-10-01 23:05:15,327 - server - DEBUG - Finished execution of function:   give_photo
2022-10-01 23:05:15,327 - server - DEBUG - Finished execution of function:   give_photo
2022-10-01 23:05:15,327 - server - DEBUG -  function give_photo returned:   <Response streamed [304 NOT MODIFIED]>
2022-10-01 23:05:15,327 - server - DEBUG -  function give_photo returned:   <Response streamed [304 NOT MODIFIED]>
2022-10-01 23:05:15,327 - server - DEBUG - Finished execution of function:   background_image
2022-10-01 23:05:15,327 - server - DEBUG - Finished execution of function:   background_image
2022-10-01 23:05:15,327 - server - DEBUG -  function background_image returned:   <Response streamed [304 NOT MODIFIED]>
2022-10-01 23:05:15,327 - server - DEBUG -  function background_image returned:   <Response streamed [304 NOT MODIFIED]>
2022-10-01 23:05:15,423 - server - DEBUG - Beginning execution of function:   background_image
2022-10-01 23:05:15,423 - server - DEBUG - Beginning execution of function:   background_image
2022-10-01 23:05:15,426 - server - DEBUG - Beginning execution of function:   determine_background_image
2022-10-01 23:05:15,426 - server - DEBUG - Beginning execution of function:   determine_background_image
2022-10-01 23:05:15,427 - server - DEBUG - Finished execution of function:   determine_background_image
2022-10-01 23:05:15,427 - server - DEBUG - Finished execution of function:   determine_background_image
2022-10-01 23:05:15,427 - server - DEBUG -  function determine_background_image returned:   night
2022-10-01 23:05:15,427 - server - DEBUG -  function determine_background_image returned:   night
2022-10-01 23:05:15,427 - server - DEBUG - Beginning execution of function:   give_photo
2022-10-01 23:05:15,427 - server - DEBUG - Beginning execution of function:   give_photo
2022-10-01 23:05:15,428 - server - DEBUG - Finished execution of function:   give_photo
2022-10-01 23:05:15,428 - server - DEBUG - Finished execution of function:   give_photo
2022-10-01 23:05:15,428 - server - DEBUG -  function give_photo returned:   <Response streamed [304 NOT MODIFIED]>
2022-10-01 23:05:15,428 - server - DEBUG -  function give_photo returned:   <Response streamed [304 NOT MODIFIED]>
2022-10-01 23:05:15,429 - server - DEBUG - Finished execution of function:   background_image
2022-10-01 23:05:15,429 - server - DEBUG - Finished execution of function:   background_image
2022-10-01 23:05:15,429 - server - DEBUG -  function background_image returned:   <Response streamed [304 NOT MODIFIED]>
2022-10-01 23:05:15,429 - server - DEBUG -  function background_image returned:   <Response streamed [304 NOT MODIFIED]>
2022-10-01 23:05:34,201 - server - DEBUG - Beginning execution of function:   index
2022-10-01 23:05:34,201 - server - DEBUG - Beginning execution of function:   index
2022-10-01 23:05:34,203 - server - DEBUG - Finished execution of function:   index
2022-10-01 23:05:34,203 - server - DEBUG - Finished execution of function:   index
2022-10-01 23:05:34,204 - server - DEBUG -  function index returned:   <!DOCTYPE html> <html lang="en">  <head>     <meta charset="UTF-8">     <meta name="viewport" content="width=device-width, initial-scale=1.0">     <meta http-equiv="X-UA-Compatible" content="ie=edge">
2022-10-01 23:05:34,204 - server - DEBUG -  function index returned:   <!DOCTYPE html> <html lang="en">  <head>     <meta charset="UTF-8">     <meta name="viewport" content="width=device-width, initial-scale=1.0">     <meta http-equiv="X-UA-Compatible" content="ie=edge">
2022-10-01 23:05:34,261 - server - DEBUG - Beginning execution of function:   get_data
2022-10-01 23:05:34,261 - server - DEBUG - Beginning execution of function:   get_data
2022-10-01 23:05:34,269 - server - DEBUG - Finished execution of function:   get_data
2022-10-01 23:05:34,269 - server - DEBUG - Finished execution of function:   get_data
2022-10-01 23:05:34,269 - server - DEBUG -  function get_data returned:   <Response 5688 bytes [200 OK]>
2022-10-01 23:05:34,269 - server - DEBUG -  function get_data returned:   <Response 5688 bytes [200 OK]>
2022-10-01 23:05:34,292 - server - DEBUG - Beginning execution of function:   give_photo
2022-10-01 23:05:34,292 - server - DEBUG - Beginning execution of function:   give_photo
2022-10-01 23:05:34,293 - server - DEBUG - Beginning execution of function:   give_photo
2022-10-01 23:05:34,293 - server - DEBUG - Beginning execution of function:   give_photo
2022-10-01 23:05:34,295 - server - DEBUG - Finished execution of function:   give_photo
2022-10-01 23:05:34,295 - server - DEBUG - Finished execution of function:   give_photo
2022-10-01 23:05:34,296 - server - DEBUG - Beginning execution of function:   background_image
2022-10-01 23:05:34,297 - server - DEBUG -  function give_photo returned:   <Response streamed [304 NOT MODIFIED]>
2022-10-01 23:05:34,297 - server - DEBUG - Finished execution of function:   give_photo
2022-10-01 23:05:34,296 - server - DEBUG - Beginning execution of function:   background_image
2022-10-01 23:05:34,297 - server - DEBUG -  function give_photo returned:   <Response streamed [304 NOT MODIFIED]>
2022-10-01 23:05:34,299 - server - DEBUG - Beginning execution of function:   give_photo
2022-10-01 23:05:34,297 - server - DEBUG - Finished execution of function:   give_photo
2022-10-01 23:05:34,299 - server - DEBUG - Beginning execution of function:   give_photo
2022-10-01 23:05:34,301 - server - DEBUG -  function give_photo returned:   <Response streamed [304 NOT MODIFIED]>
2022-10-01 23:05:34,301 - server - DEBUG -  function give_photo returned:   <Response streamed [304 NOT MODIFIED]>
2022-10-01 23:05:34,303 - server - DEBUG - Finished execution of function:   give_photo
2022-10-01 23:05:34,303 - server - DEBUG - Finished execution of function:   give_photo
2022-10-01 23:05:34,303 - server - DEBUG -  function give_photo returned:   <Response streamed [304 NOT MODIFIED]>
2022-10-01 23:05:34,303 - server - DEBUG -  function give_photo returned:   <Response streamed [304 NOT MODIFIED]>
2022-10-01 23:05:34,304 - server - DEBUG - Beginning execution of function:   determine_background_image
2022-10-01 23:05:34,304 - server - DEBUG - Beginning execution of function:   determine_background_image
2022-10-01 23:05:34,304 - server - DEBUG - Finished execution of function:   determine_background_image
2022-10-01 23:05:34,304 - server - DEBUG - Finished execution of function:   determine_background_image
2022-10-01 23:05:34,305 - server - DEBUG -  function determine_background_image returned:   night
2022-10-01 23:05:34,305 - server - DEBUG -  function determine_background_image returned:   night
2022-10-01 23:05:34,305 - server - DEBUG - Beginning execution of function:   give_photo
2022-10-01 23:05:34,305 - server - DEBUG - Beginning execution of function:   give_photo
2022-10-01 23:05:34,306 - server - DEBUG - Finished execution of function:   give_photo
2022-10-01 23:05:34,306 - server - DEBUG - Finished execution of function:   give_photo
2022-10-01 23:05:34,306 - server - DEBUG -  function give_photo returned:   <Response streamed [304 NOT MODIFIED]>
2022-10-01 23:05:34,306 - server - DEBUG -  function give_photo returned:   <Response streamed [304 NOT MODIFIED]>
2022-10-01 23:05:34,306 - server - DEBUG - Finished execution of function:   background_image
2022-10-01 23:05:34,306 - server - DEBUG - Finished execution of function:   background_image
2022-10-01 23:05:34,306 - server - DEBUG -  function background_image returned:   <Response streamed [304 NOT MODIFIED]>
2022-10-01 23:05:34,306 - server - DEBUG -  function background_image returned:   <Response streamed [304 NOT MODIFIED]>
2022-10-01 23:05:34,313 - server - DEBUG - Beginning execution of function:   give_photo
2022-10-01 23:05:34,313 - server - DEBUG - Beginning execution of function:   give_photo
2022-10-01 23:05:34,313 - server - DEBUG - Beginning execution of function:   give_photo
2022-10-01 23:05:34,314 - server - DEBUG - Beginning execution of function:   background_image
2022-10-01 23:05:34,314 - server - DEBUG - Beginning execution of function:   give_photo
2022-10-01 23:05:34,313 - server - DEBUG - Beginning execution of function:   give_photo
2022-10-01 23:05:34,314 - server - DEBUG - Beginning execution of function:   background_image
2022-10-01 23:05:34,315 - server - DEBUG - Finished execution of function:   give_photo
2022-10-01 23:05:34,314 - server - DEBUG - Beginning execution of function:   give_photo
2022-10-01 23:05:34,315 - server - DEBUG - Finished execution of function:   give_photo
2022-10-01 23:05:34,315 - server - DEBUG - Finished execution of function:   give_photo
2022-10-01 23:05:34,315 - server - DEBUG - Finished execution of function:   give_photo
2022-10-01 23:05:34,316 - server - DEBUG -  function give_photo returned:   <Response streamed [304 NOT MODIFIED]>
2022-10-01 23:05:34,316 - server - DEBUG -  function give_photo returned:   <Response streamed [304 NOT MODIFIED]>
2022-10-01 23:05:34,317 - server - DEBUG - Finished execution of function:   give_photo
2022-10-01 23:05:34,317 - server - DEBUG - Finished execution of function:   give_photo
2022-10-01 23:05:34,317 - server - DEBUG -  function give_photo returned:   <Response streamed [304 NOT MODIFIED]>
2022-10-01 23:05:34,317 - server - DEBUG - Beginning execution of function:   determine_background_image
2022-10-01 23:05:34,318 - server - DEBUG -  function give_photo returned:   <Response streamed [304 NOT MODIFIED]>
2022-10-01 23:05:34,317 - server - DEBUG -  function give_photo returned:   <Response streamed [304 NOT MODIFIED]>
2022-10-01 23:05:34,317 - server - DEBUG - Beginning execution of function:   determine_background_image
2022-10-01 23:05:34,319 - server - DEBUG - Finished execution of function:   determine_background_image
2022-10-01 23:05:34,318 - server - DEBUG -  function give_photo returned:   <Response streamed [304 NOT MODIFIED]>
2022-10-01 23:05:34,319 - server - DEBUG - Finished execution of function:   determine_background_image
2022-10-01 23:05:34,319 - server - DEBUG -  function determine_background_image returned:   night
2022-10-01 23:05:34,319 - server - DEBUG -  function determine_background_image returned:   night
2022-10-01 23:05:34,320 - server - DEBUG - Beginning execution of function:   give_photo
2022-10-01 23:05:34,320 - server - DEBUG - Beginning execution of function:   give_photo
2022-10-01 23:05:34,321 - server - DEBUG - Finished execution of function:   give_photo
2022-10-01 23:05:34,321 - server - DEBUG - Finished execution of function:   give_photo
2022-10-01 23:05:34,321 - server - DEBUG -  function give_photo returned:   <Response streamed [304 NOT MODIFIED]>
2022-10-01 23:05:34,321 - server - DEBUG -  function give_photo returned:   <Response streamed [304 NOT MODIFIED]>
2022-10-01 23:05:34,321 - server - DEBUG - Finished execution of function:   background_image
2022-10-01 23:05:34,321 - server - DEBUG - Finished execution of function:   background_image
2022-10-01 23:05:34,321 - server - DEBUG -  function background_image returned:   <Response streamed [304 NOT MODIFIED]>
2022-10-01 23:05:34,321 - server - DEBUG -  function background_image returned:   <Response streamed [304 NOT MODIFIED]>
2022-10-01 23:05:52,956 - server - DEBUG - Beginning execution of function:   index
2022-10-01 23:05:52,956 - server - DEBUG - Beginning execution of function:   index
2022-10-01 23:05:52,958 - server - DEBUG - Finished execution of function:   index
2022-10-01 23:05:52,958 - server - DEBUG - Finished execution of function:   index
2022-10-01 23:05:52,958 - server - DEBUG -  function index returned:   <!DOCTYPE html> <html lang="en">  <head>     <meta charset="UTF-8">     <meta name="viewport" content="width=device-width, initial-scale=1.0">     <meta http-equiv="X-UA-Compatible" content="ie=edge">
2022-10-01 23:05:52,958 - server - DEBUG -  function index returned:   <!DOCTYPE html> <html lang="en">  <head>     <meta charset="UTF-8">     <meta name="viewport" content="width=device-width, initial-scale=1.0">     <meta http-equiv="X-UA-Compatible" content="ie=edge">
2022-10-01 23:05:53,021 - server - DEBUG - Beginning execution of function:   get_data
2022-10-01 23:05:53,021 - server - DEBUG - Beginning execution of function:   get_data
2022-10-01 23:05:53,026 - server - DEBUG - Finished execution of function:   get_data
2022-10-01 23:05:53,026 - server - DEBUG - Finished execution of function:   get_data
2022-10-01 23:05:53,027 - server - DEBUG -  function get_data returned:   <Response 5688 bytes [200 OK]>
2022-10-01 23:05:53,027 - server - DEBUG -  function get_data returned:   <Response 5688 bytes [200 OK]>
2022-10-01 23:05:53,047 - server - DEBUG - Beginning execution of function:   give_photo
2022-10-01 23:05:53,047 - server - DEBUG - Beginning execution of function:   give_photo
2022-10-01 23:05:53,049 - server - DEBUG - Beginning execution of function:   give_photo
2022-10-01 23:05:53,049 - server - DEBUG - Beginning execution of function:   give_photo
2022-10-01 23:05:53,051 - server - DEBUG - Beginning execution of function:   background_image
2022-10-01 23:05:53,052 - server - DEBUG - Beginning execution of function:   give_photo
2022-10-01 23:05:53,051 - server - DEBUG - Beginning execution of function:   background_image
2022-10-01 23:05:53,054 - server - DEBUG - Finished execution of function:   give_photo
2022-10-01 23:05:53,052 - server - DEBUG - Beginning execution of function:   give_photo
2022-10-01 23:05:53,054 - server - DEBUG - Finished execution of function:   give_photo
2022-10-01 23:05:53,057 - server - DEBUG -  function give_photo returned:   <Response streamed [304 NOT MODIFIED]>
2022-10-01 23:05:53,057 - server - DEBUG -  function give_photo returned:   <Response streamed [304 NOT MODIFIED]>
2022-10-01 23:05:53,057 - server - DEBUG - Finished execution of function:   give_photo
2022-10-01 23:05:53,057 - server - DEBUG - Finished execution of function:   give_photo
2022-10-01 23:05:53,058 - server - DEBUG -  function give_photo returned:   <Response streamed [304 NOT MODIFIED]>
2022-10-01 23:05:53,058 - server - DEBUG -  function give_photo returned:   <Response streamed [304 NOT MODIFIED]>
2022-10-01 23:05:53,059 - server - DEBUG - Beginning execution of function:   determine_background_image
2022-10-01 23:05:53,059 - server - DEBUG - Beginning execution of function:   determine_background_image
2022-10-01 23:05:53,060 - server - DEBUG - Finished execution of function:   give_photo
2022-10-01 23:05:53,060 - server - DEBUG - Finished execution of function:   give_photo
2022-10-01 23:05:53,060 - server - DEBUG - Finished execution of function:   determine_background_image
2022-10-01 23:05:53,060 - server - DEBUG - Finished execution of function:   determine_background_image
2022-10-01 23:05:53,060 - server - DEBUG -  function give_photo returned:   <Response streamed [304 NOT MODIFIED]>
2022-10-01 23:05:53,060 - server - DEBUG -  function give_photo returned:   <Response streamed [304 NOT MODIFIED]>
2022-10-01 23:05:53,061 - server - DEBUG - Beginning execution of function:   give_photo
2022-10-01 23:05:53,061 - server - DEBUG - Beginning execution of function:   give_photo
2022-10-01 23:05:53,061 - server - DEBUG -  function determine_background_image returned:   night
2022-10-01 23:05:53,062 - server - DEBUG - Beginning execution of function:   give_photo
2022-10-01 23:05:53,061 - server - DEBUG -  function determine_background_image returned:   night
2022-10-01 23:05:53,062 - server - DEBUG - Beginning execution of function:   give_photo
2022-10-01 23:05:53,063 - server - DEBUG - Beginning execution of function:   give_photo
2022-10-01 23:05:53,063 - server - DEBUG - Beginning execution of function:   give_photo
2022-10-01 23:05:53,063 - server - DEBUG - Finished execution of function:   give_photo
2022-10-01 23:05:53,063 - server - DEBUG - Finished execution of function:   give_photo
2022-10-01 23:05:53,063 - server - DEBUG -  function give_photo returned:   <Response streamed [304 NOT MODIFIED]>
2022-10-01 23:05:53,063 - server - DEBUG -  function give_photo returned:   <Response streamed [304 NOT MODIFIED]>
2022-10-01 23:05:53,064 - server - DEBUG - Finished execution of function:   give_photo
2022-10-01 23:05:53,064 - server - DEBUG - Finished execution of function:   give_photo
2022-10-01 23:05:53,064 - server - DEBUG -  function give_photo returned:   <Response streamed [304 NOT MODIFIED]>
2022-10-01 23:05:53,064 - server - DEBUG -  function give_photo returned:   <Response streamed [304 NOT MODIFIED]>
2022-10-01 23:05:53,065 - server - DEBUG - Beginning execution of function:   give_photo
2022-10-01 23:05:53,065 - server - DEBUG - Beginning execution of function:   give_photo
2022-10-01 23:05:53,065 - server - DEBUG - Finished execution of function:   give_photo
2022-10-01 23:05:53,065 - server - DEBUG - Finished execution of function:   give_photo
2022-10-01 23:05:53,066 - server - DEBUG - Finished execution of function:   background_image
2022-10-01 23:05:53,066 - server - DEBUG -  function give_photo returned:   <Response streamed [304 NOT MODIFIED]>
2022-10-01 23:05:53,066 - server - DEBUG - Finished execution of function:   background_image
2022-10-01 23:05:53,066 - server - DEBUG -  function give_photo returned:   <Response streamed [304 NOT MODIFIED]>
2022-10-01 23:05:53,066 - server - DEBUG -  function background_image returned:   <Response streamed [304 NOT MODIFIED]>
2022-10-01 23:05:53,066 - server - DEBUG -  function background_image returned:   <Response streamed [304 NOT MODIFIED]>
2022-10-01 23:05:53,067 - server - DEBUG - Finished execution of function:   give_photo
2022-10-01 23:05:53,067 - server - DEBUG - Finished execution of function:   give_photo
2022-10-01 23:05:53,067 - server - DEBUG -  function give_photo returned:   <Response streamed [304 NOT MODIFIED]>
2022-10-01 23:05:53,067 - server - DEBUG -  function give_photo returned:   <Response streamed [304 NOT MODIFIED]>
2022-10-01 23:05:53,070 - server - DEBUG - Beginning execution of function:   background_image
2022-10-01 23:05:53,070 - server - DEBUG - Beginning execution of function:   background_image
2022-10-01 23:05:53,071 - server - DEBUG - Beginning execution of function:   determine_background_image
2022-10-01 23:05:53,071 - server - DEBUG - Beginning execution of function:   determine_background_image
2022-10-01 23:05:53,071 - server - DEBUG - Finished execution of function:   determine_background_image
2022-10-01 23:05:53,071 - server - DEBUG - Finished execution of function:   determine_background_image
2022-10-01 23:05:53,071 - server - DEBUG -  function determine_background_image returned:   night
2022-10-01 23:05:53,071 - server - DEBUG -  function determine_background_image returned:   night
2022-10-01 23:05:53,071 - server - DEBUG - Beginning execution of function:   give_photo
2022-10-01 23:05:53,071 - server - DEBUG - Beginning execution of function:   give_photo
2022-10-01 23:05:53,071 - server - DEBUG - Finished execution of function:   give_photo
2022-10-01 23:05:53,071 - server - DEBUG - Finished execution of function:   give_photo
2022-10-01 23:05:53,072 - server - DEBUG -  function give_photo returned:   <Response streamed [304 NOT MODIFIED]>
2022-10-01 23:05:53,072 - server - DEBUG -  function give_photo returned:   <Response streamed [304 NOT MODIFIED]>
2022-10-01 23:05:53,072 - server - DEBUG - Finished execution of function:   background_image
2022-10-01 23:05:53,072 - server - DEBUG - Finished execution of function:   background_image
2022-10-01 23:05:53,072 - server - DEBUG -  function background_image returned:   <Response streamed [304 NOT MODIFIED]>
2022-10-01 23:05:53,072 - server - DEBUG -  function background_image returned:   <Response streamed [304 NOT MODIFIED]>
2022-10-01 23:05:58,615 - server - DEBUG - Beginning execution of function:   index
2022-10-01 23:05:58,615 - server - DEBUG - Beginning execution of function:   index
2022-10-01 23:05:58,617 - server - DEBUG - Finished execution of function:   index
2022-10-01 23:05:58,617 - server - DEBUG - Finished execution of function:   index
2022-10-01 23:05:58,617 - server - DEBUG -  function index returned:   <!DOCTYPE html> <html lang="en">  <head>     <meta charset="UTF-8">     <meta name="viewport" content="width=device-width, initial-scale=1.0">     <meta http-equiv="X-UA-Compatible" content="ie=edge">
2022-10-01 23:05:58,617 - server - DEBUG -  function index returned:   <!DOCTYPE html> <html lang="en">  <head>     <meta charset="UTF-8">     <meta name="viewport" content="width=device-width, initial-scale=1.0">     <meta http-equiv="X-UA-Compatible" content="ie=edge">
2022-10-01 23:05:58,691 - server - DEBUG - Beginning execution of function:   get_data
2022-10-01 23:05:58,691 - server - DEBUG - Beginning execution of function:   get_data
2022-10-01 23:05:58,698 - server - DEBUG - Finished execution of function:   get_data
2022-10-01 23:05:58,698 - server - DEBUG - Finished execution of function:   get_data
2022-10-01 23:05:58,698 - server - DEBUG -  function get_data returned:   <Response 5688 bytes [200 OK]>
2022-10-01 23:05:58,698 - server - DEBUG -  function get_data returned:   <Response 5688 bytes [200 OK]>
2022-10-01 23:05:58,716 - server - DEBUG - Beginning execution of function:   give_photo
2022-10-01 23:05:58,716 - server - DEBUG - Beginning execution of function:   give_photo
2022-10-01 23:05:58,717 - server - DEBUG - Beginning execution of function:   give_photo
2022-10-01 23:05:58,719 - server - DEBUG - Beginning execution of function:   background_image
2022-10-01 23:05:58,717 - server - DEBUG - Beginning execution of function:   give_photo
2022-10-01 23:05:58,723 - server - DEBUG - Beginning execution of function:   give_photo
2022-10-01 23:05:58,724 - server - DEBUG - Finished execution of function:   give_photo
2022-10-01 23:05:58,719 - server - DEBUG - Beginning execution of function:   background_image
2022-10-01 23:05:58,725 - server - DEBUG - Finished execution of function:   give_photo
2022-10-01 23:05:58,723 - server - DEBUG - Beginning execution of function:   give_photo
2022-10-01 23:05:58,724 - server - DEBUG - Finished execution of function:   give_photo
2022-10-01 23:05:58,725 - server - DEBUG - Finished execution of function:   give_photo
2022-10-01 23:05:58,726 - server - DEBUG -  function give_photo returned:   <Response streamed [304 NOT MODIFIED]>
2022-10-01 23:05:58,726 - server - DEBUG -  function give_photo returned:   <Response streamed [304 NOT MODIFIED]>
2022-10-01 23:05:58,730 - server - DEBUG - Finished execution of function:   give_photo
2022-10-01 23:05:58,730 - server - DEBUG -  function give_photo returned:   <Response streamed [304 NOT MODIFIED]>
2022-10-01 23:05:58,730 - server - DEBUG - Finished execution of function:   give_photo
2022-10-01 23:05:58,731 - server - DEBUG -  function give_photo returned:   <Response streamed [304 NOT MODIFIED]>
2022-10-01 23:05:58,730 - server - DEBUG -  function give_photo returned:   <Response streamed [304 NOT MODIFIED]>
2022-10-01 23:05:58,732 - server - DEBUG - Beginning execution of function:   determine_background_image
2022-10-01 23:05:58,731 - server - DEBUG -  function give_photo returned:   <Response streamed [304 NOT MODIFIED]>
2022-10-01 23:05:58,732 - server - DEBUG - Beginning execution of function:   determine_background_image
2022-10-01 23:05:58,733 - server - DEBUG - Finished execution of function:   determine_background_image
2022-10-01 23:05:58,733 - server - DEBUG - Finished execution of function:   determine_background_image
2022-10-01 23:05:58,733 - server - DEBUG -  function determine_background_image returned:   night
2022-10-01 23:05:58,733 - server - DEBUG -  function determine_background_image returned:   night
2022-10-01 23:05:58,733 - server - DEBUG - Beginning execution of function:   give_photo
2022-10-01 23:05:58,733 - server - DEBUG - Beginning execution of function:   give_photo
2022-10-01 23:05:58,734 - server - DEBUG - Beginning execution of function:   give_photo
2022-10-01 23:05:58,734 - server - DEBUG - Beginning execution of function:   give_photo
2022-10-01 23:05:58,735 - server - DEBUG - Finished execution of function:   give_photo
2022-10-01 23:05:58,735 - server - DEBUG - Finished execution of function:   give_photo
2022-10-01 23:05:58,735 - server - DEBUG - Finished execution of function:   give_photo
2022-10-01 23:05:58,735 - server - DEBUG - Finished execution of function:   give_photo
2022-10-01 23:05:58,736 - server - DEBUG -  function give_photo returned:   <Response streamed [304 NOT MODIFIED]>
2022-10-01 23:05:58,736 - server - DEBUG - Beginning execution of function:   give_photo
2022-10-01 23:05:58,736 - server - DEBUG -  function give_photo returned:   <Response streamed [304 NOT MODIFIED]>
2022-10-01 23:05:58,736 - server - DEBUG -  function give_photo returned:   <Response streamed [304 NOT MODIFIED]>
2022-10-01 23:05:58,736 - server - DEBUG - Beginning execution of function:   give_photo
2022-10-01 23:05:58,737 - server - DEBUG - Beginning execution of function:   give_photo
2022-10-01 23:05:58,736 - server - DEBUG -  function give_photo returned:   <Response streamed [304 NOT MODIFIED]>
2022-10-01 23:05:58,737 - server - DEBUG - Beginning execution of function:   give_photo
2022-10-01 23:05:58,737 - server - DEBUG - Finished execution of function:   background_image
2022-10-01 23:05:58,737 - server - DEBUG - Finished execution of function:   background_image
2022-10-01 23:05:58,737 - server - DEBUG - Finished execution of function:   give_photo
2022-10-01 23:05:58,737 - server - DEBUG - Finished execution of function:   give_photo
2022-10-01 23:05:58,738 - server - DEBUG - Finished execution of function:   give_photo
2022-10-01 23:05:58,738 - server - DEBUG - Finished execution of function:   give_photo
2022-10-01 23:05:58,738 - server - DEBUG -  function background_image returned:   <Response streamed [304 NOT MODIFIED]>
2022-10-01 23:05:58,738 - server - DEBUG -  function background_image returned:   <Response streamed [304 NOT MODIFIED]>
2022-10-01 23:05:58,738 - server - DEBUG -  function give_photo returned:   <Response streamed [304 NOT MODIFIED]>
2022-10-01 23:05:58,738 - server - DEBUG -  function give_photo returned:   <Response streamed [304 NOT MODIFIED]>
2022-10-01 23:05:58,739 - server - DEBUG -  function give_photo returned:   <Response streamed [304 NOT MODIFIED]>
2022-10-01 23:05:58,739 - server - DEBUG -  function give_photo returned:   <Response streamed [304 NOT MODIFIED]>
2022-10-01 23:05:58,742 - server - DEBUG - Beginning execution of function:   background_image
2022-10-01 23:05:58,742 - server - DEBUG - Beginning execution of function:   background_image
2022-10-01 23:05:58,743 - server - DEBUG - Beginning execution of function:   determine_background_image
2022-10-01 23:05:58,743 - server - DEBUG - Beginning execution of function:   determine_background_image
2022-10-01 23:05:58,744 - server - DEBUG - Finished execution of function:   determine_background_image
2022-10-01 23:05:58,744 - server - DEBUG - Finished execution of function:   determine_background_image
2022-10-01 23:05:58,744 - server - DEBUG -  function determine_background_image returned:   night
2022-10-01 23:05:58,744 - server - DEBUG -  function determine_background_image returned:   night
2022-10-01 23:05:58,744 - server - DEBUG - Beginning execution of function:   give_photo
2022-10-01 23:05:58,744 - server - DEBUG - Beginning execution of function:   give_photo
2022-10-01 23:05:58,744 - server - DEBUG - Finished execution of function:   give_photo
2022-10-01 23:05:58,744 - server - DEBUG - Finished execution of function:   give_photo
2022-10-01 23:05:58,744 - server - DEBUG -  function give_photo returned:   <Response streamed [304 NOT MODIFIED]>
2022-10-01 23:05:58,744 - server - DEBUG -  function give_photo returned:   <Response streamed [304 NOT MODIFIED]>
2022-10-01 23:05:58,744 - server - DEBUG - Finished execution of function:   background_image
2022-10-01 23:05:58,744 - server - DEBUG - Finished execution of function:   background_image
2022-10-01 23:05:58,744 - server - DEBUG -  function background_image returned:   <Response streamed [304 NOT MODIFIED]>
2022-10-01 23:05:58,744 - server - DEBUG -  function background_image returned:   <Response streamed [304 NOT MODIFIED]>
2022-10-01 23:06:08,508 - server - DEBUG - Beginning execution of function:   index
2022-10-01 23:06:08,508 - server - DEBUG - Beginning execution of function:   index
2022-10-01 23:06:08,511 - server - DEBUG - Finished execution of function:   index
2022-10-01 23:06:08,511 - server - DEBUG - Finished execution of function:   index
2022-10-01 23:06:08,511 - server - DEBUG -  function index returned:   <!DOCTYPE html> <html lang="en">  <head>     <meta charset="UTF-8">     <meta name="viewport" content="width=device-width, initial-scale=1.0">     <meta http-equiv="X-UA-Compatible" content="ie=edge">
2022-10-01 23:06:08,511 - server - DEBUG -  function index returned:   <!DOCTYPE html> <html lang="en">  <head>     <meta charset="UTF-8">     <meta name="viewport" content="width=device-width, initial-scale=1.0">     <meta http-equiv="X-UA-Compatible" content="ie=edge">
2022-10-01 23:06:08,565 - server - DEBUG - Beginning execution of function:   get_data
2022-10-01 23:06:08,565 - server - DEBUG - Beginning execution of function:   get_data
2022-10-01 23:06:08,575 - server - DEBUG - Finished execution of function:   get_data
2022-10-01 23:06:08,575 - server - DEBUG - Finished execution of function:   get_data
2022-10-01 23:06:08,575 - server - DEBUG -  function get_data returned:   <Response 5688 bytes [200 OK]>
2022-10-01 23:06:08,575 - server - DEBUG -  function get_data returned:   <Response 5688 bytes [200 OK]>
2022-10-01 23:06:08,595 - server - DEBUG - Beginning execution of function:   give_photo
2022-10-01 23:06:08,595 - server - DEBUG - Beginning execution of function:   give_photo
2022-10-01 23:06:08,597 - server - DEBUG - Beginning execution of function:   give_photo
2022-10-01 23:06:08,597 - server - DEBUG - Beginning execution of function:   give_photo
2022-10-01 23:06:08,599 - server - DEBUG - Finished execution of function:   give_photo
2022-10-01 23:06:08,599 - server - DEBUG - Finished execution of function:   give_photo
2022-10-01 23:06:08,599 - server - DEBUG - Finished execution of function:   give_photo
2022-10-01 23:06:08,599 - server - DEBUG - Finished execution of function:   give_photo
2022-10-01 23:06:08,601 - server - DEBUG - Beginning execution of function:   background_image
2022-10-01 23:06:08,601 - server - DEBUG - Beginning execution of function:   background_image
2022-10-01 23:06:08,601 - server - DEBUG -  function give_photo returned:   <Response streamed [304 NOT MODIFIED]>
2022-10-01 23:06:08,601 - server - DEBUG -  function give_photo returned:   <Response streamed [304 NOT MODIFIED]>
2022-10-01 23:06:08,601 - server - DEBUG -  function give_photo returned:   <Response streamed [304 NOT MODIFIED]>
2022-10-01 23:06:08,604 - server - DEBUG - Beginning execution of function:   give_photo
2022-10-01 23:06:08,601 - server - DEBUG -  function give_photo returned:   <Response streamed [304 NOT MODIFIED]>
2022-10-01 23:06:08,610 - server - DEBUG - Beginning execution of function:   give_photo
2022-10-01 23:06:08,604 - server - DEBUG - Beginning execution of function:   give_photo
2022-10-01 23:06:08,611 - server - DEBUG - Beginning execution of function:   determine_background_image
2022-10-01 23:06:08,610 - server - DEBUG - Beginning execution of function:   give_photo
2022-10-01 23:06:08,611 - server - DEBUG - Beginning execution of function:   determine_background_image
2022-10-01 23:06:08,612 - server - DEBUG - Finished execution of function:   determine_background_image
2022-10-01 23:06:08,612 - server - DEBUG - Finished execution of function:   determine_background_image
2022-10-01 23:06:08,612 - server - DEBUG - Finished execution of function:   give_photo
2022-10-01 23:06:08,612 - server - DEBUG - Finished execution of function:   give_photo
2022-10-01 23:06:08,612 - server - DEBUG -  function determine_background_image returned:   night
2022-10-01 23:06:08,613 - server - DEBUG -  function give_photo returned:   <Response streamed [304 NOT MODIFIED]>
2022-10-01 23:06:08,612 - server - DEBUG -  function determine_background_image returned:   night
2022-10-01 23:06:08,613 - server - DEBUG -  function give_photo returned:   <Response streamed [304 NOT MODIFIED]>
2022-10-01 23:06:08,613 - server - DEBUG - Finished execution of function:   give_photo
2022-10-01 23:06:08,613 - server - DEBUG - Beginning execution of function:   give_photo
2022-10-01 23:06:08,613 - server - DEBUG - Finished execution of function:   give_photo
2022-10-01 23:06:08,613 - server - DEBUG - Beginning execution of function:   give_photo
2022-10-01 23:06:08,614 - server - DEBUG -  function give_photo returned:   <Response streamed [304 NOT MODIFIED]>
2022-10-01 23:06:08,614 - server - DEBUG -  function give_photo returned:   <Response streamed [304 NOT MODIFIED]>
2022-10-01 23:06:08,614 - server - DEBUG - Beginning execution of function:   give_photo
2022-10-01 23:06:08,614 - server - DEBUG - Beginning execution of function:   give_photo
2022-10-01 23:06:08,615 - server - DEBUG - Finished execution of function:   give_photo
2022-10-01 23:06:08,615 - server - DEBUG - Finished execution of function:   give_photo
2022-10-01 23:06:08,615 - server - DEBUG -  function give_photo returned:   <Response streamed [304 NOT MODIFIED]>
2022-10-01 23:06:08,615 - server - DEBUG -  function give_photo returned:   <Response streamed [304 NOT MODIFIED]>
2022-10-01 23:06:08,616 - server - DEBUG - Finished execution of function:   background_image
2022-10-01 23:06:08,616 - server - DEBUG - Finished execution of function:   background_image
2022-10-01 23:06:08,616 - server - DEBUG -  function background_image returned:   <Response streamed [304 NOT MODIFIED]>
2022-10-01 23:06:08,616 - server - DEBUG -  function background_image returned:   <Response streamed [304 NOT MODIFIED]>
2022-10-01 23:06:08,617 - server - DEBUG - Finished execution of function:   give_photo
2022-10-01 23:06:08,617 - server - DEBUG - Beginning execution of function:   give_photo
2022-10-01 23:06:08,617 - server - DEBUG - Finished execution of function:   give_photo
2022-10-01 23:06:08,617 - server - DEBUG - Beginning execution of function:   give_photo
2022-10-01 23:06:08,618 - server - DEBUG -  function give_photo returned:   <Response streamed [304 NOT MODIFIED]>
2022-10-01 23:06:08,618 - server - DEBUG -  function give_photo returned:   <Response streamed [304 NOT MODIFIED]>
2022-10-01 23:06:08,618 - server - DEBUG - Finished execution of function:   give_photo
2022-10-01 23:06:08,618 - server - DEBUG - Finished execution of function:   give_photo
2022-10-01 23:06:08,618 - server - DEBUG -  function give_photo returned:   <Response streamed [304 NOT MODIFIED]>
2022-10-01 23:06:08,618 - server - DEBUG -  function give_photo returned:   <Response streamed [304 NOT MODIFIED]>
2022-10-01 23:06:08,619 - server - DEBUG - Beginning execution of function:   background_image
2022-10-01 23:06:08,619 - server - DEBUG - Beginning execution of function:   background_image
2022-10-01 23:06:08,621 - server - DEBUG - Beginning execution of function:   determine_background_image
2022-10-01 23:06:08,621 - server - DEBUG - Beginning execution of function:   determine_background_image
2022-10-01 23:06:08,621 - server - DEBUG - Finished execution of function:   determine_background_image
2022-10-01 23:06:08,621 - server - DEBUG - Finished execution of function:   determine_background_image
2022-10-01 23:06:08,621 - server - DEBUG -  function determine_background_image returned:   night
2022-10-01 23:06:08,621 - server - DEBUG -  function determine_background_image returned:   night
2022-10-01 23:06:08,621 - server - DEBUG - Beginning execution of function:   give_photo
2022-10-01 23:06:08,621 - server - DEBUG - Beginning execution of function:   give_photo
2022-10-01 23:06:08,622 - server - DEBUG - Finished execution of function:   give_photo
2022-10-01 23:06:08,622 - server - DEBUG - Finished execution of function:   give_photo
2022-10-01 23:06:08,622 - server - DEBUG -  function give_photo returned:   <Response streamed [304 NOT MODIFIED]>
2022-10-01 23:06:08,622 - server - DEBUG -  function give_photo returned:   <Response streamed [304 NOT MODIFIED]>
2022-10-01 23:06:08,622 - server - DEBUG - Finished execution of function:   background_image
2022-10-01 23:06:08,622 - server - DEBUG - Finished execution of function:   background_image
2022-10-01 23:06:08,622 - server - DEBUG -  function background_image returned:   <Response streamed [304 NOT MODIFIED]>
2022-10-01 23:06:08,622 - server - DEBUG -  function background_image returned:   <Response streamed [304 NOT MODIFIED]>
2022-10-01 23:06:16,972 - server - DEBUG - Beginning execution of function:   index
2022-10-01 23:06:16,972 - server - DEBUG - Beginning execution of function:   index
2022-10-01 23:06:16,974 - server - DEBUG - Finished execution of function:   index
2022-10-01 23:06:16,974 - server - DEBUG - Finished execution of function:   index
2022-10-01 23:06:16,974 - server - DEBUG -  function index returned:   <!DOCTYPE html> <html lang="en">  <head>     <meta charset="UTF-8">     <meta name="viewport" content="width=device-width, initial-scale=1.0">     <meta http-equiv="X-UA-Compatible" content="ie=edge">
2022-10-01 23:06:16,974 - server - DEBUG -  function index returned:   <!DOCTYPE html> <html lang="en">  <head>     <meta charset="UTF-8">     <meta name="viewport" content="width=device-width, initial-scale=1.0">     <meta http-equiv="X-UA-Compatible" content="ie=edge">
2022-10-01 23:06:17,033 - server - DEBUG - Beginning execution of function:   get_data
2022-10-01 23:06:17,033 - server - DEBUG - Beginning execution of function:   get_data
2022-10-01 23:06:17,041 - server - DEBUG - Finished execution of function:   get_data
2022-10-01 23:06:17,041 - server - DEBUG - Finished execution of function:   get_data
2022-10-01 23:06:17,041 - server - DEBUG -  function get_data returned:   <Response 5688 bytes [200 OK]>
2022-10-01 23:06:17,041 - server - DEBUG -  function get_data returned:   <Response 5688 bytes [200 OK]>
2022-10-01 23:06:17,058 - server - DEBUG - Beginning execution of function:   give_photo
2022-10-01 23:06:17,060 - server - DEBUG - Beginning execution of function:   give_photo
2022-10-01 23:06:17,058 - server - DEBUG - Beginning execution of function:   give_photo
2022-10-01 23:06:17,061 - server - DEBUG - Beginning execution of function:   background_image
2022-10-01 23:06:17,060 - server - DEBUG - Beginning execution of function:   give_photo
2022-10-01 23:06:17,062 - server - DEBUG - Beginning execution of function:   give_photo
2022-10-01 23:06:17,061 - server - DEBUG - Beginning execution of function:   background_image
2022-10-01 23:06:17,064 - server - DEBUG - Finished execution of function:   give_photo
2022-10-01 23:06:17,065 - server - DEBUG - Finished execution of function:   give_photo
2022-10-01 23:06:17,062 - server - DEBUG - Beginning execution of function:   give_photo
2022-10-01 23:06:17,064 - server - DEBUG - Finished execution of function:   give_photo
2022-10-01 23:06:17,067 - server - DEBUG -  function give_photo returned:   <Response streamed [304 NOT MODIFIED]>
2022-10-01 23:06:17,065 - server - DEBUG - Finished execution of function:   give_photo
2022-10-01 23:06:17,069 - server - DEBUG - Beginning execution of function:   determine_background_image
2022-10-01 23:06:17,070 - server - DEBUG - Finished execution of function:   give_photo
2022-10-01 23:06:17,070 - server - DEBUG -  function give_photo returned:   <Response streamed [304 NOT MODIFIED]>
2022-10-01 23:06:17,067 - server - DEBUG -  function give_photo returned:   <Response streamed [304 NOT MODIFIED]>
2022-10-01 23:06:17,069 - server - DEBUG - Beginning execution of function:   determine_background_image
2022-10-01 23:06:17,071 - server - DEBUG - Finished execution of function:   determine_background_image
2022-10-01 23:06:17,070 - server - DEBUG - Finished execution of function:   give_photo
2022-10-01 23:06:17,070 - server - DEBUG -  function give_photo returned:   <Response streamed [304 NOT MODIFIED]>
2022-10-01 23:06:17,071 - server - DEBUG - Finished execution of function:   determine_background_image
2022-10-01 23:06:17,071 - server - DEBUG -  function give_photo returned:   <Response streamed [304 NOT MODIFIED]>
2022-10-01 23:06:17,072 - server - DEBUG -  function determine_background_image returned:   night
2022-10-01 23:06:17,071 - server - DEBUG -  function give_photo returned:   <Response streamed [304 NOT MODIFIED]>
2022-10-01 23:06:17,072 - server - DEBUG -  function determine_background_image returned:   night
2022-10-01 23:06:17,072 - server - DEBUG - Beginning execution of function:   give_photo
2022-10-01 23:06:17,072 - server - DEBUG - Beginning execution of function:   give_photo
2022-10-01 23:06:17,073 - server - DEBUG - Finished execution of function:   give_photo
2022-10-01 23:06:17,073 - server - DEBUG - Finished execution of function:   give_photo
2022-10-01 23:06:17,074 - server - DEBUG - Beginning execution of function:   give_photo
2022-10-01 23:06:17,074 - server - DEBUG - Beginning execution of function:   give_photo
2022-10-01 23:06:17,074 - server - DEBUG -  function give_photo returned:   <Response streamed [304 NOT MODIFIED]>
2022-10-01 23:06:17,075 - server - DEBUG - Beginning execution of function:   give_photo
2022-10-01 23:06:17,074 - server - DEBUG -  function give_photo returned:   <Response streamed [304 NOT MODIFIED]>
2022-10-01 23:06:17,075 - server - DEBUG - Beginning execution of function:   give_photo
2022-10-01 23:06:17,075 - server - DEBUG - Finished execution of function:   give_photo
2022-10-01 23:06:17,075 - server - DEBUG - Finished execution of function:   give_photo
2022-10-01 23:06:17,075 - server - DEBUG - Beginning execution of function:   give_photo
2022-10-01 23:06:17,075 - server - DEBUG - Beginning execution of function:   give_photo
2022-10-01 23:06:17,076 - server - DEBUG - Finished execution of function:   background_image
2022-10-01 23:06:17,076 - server - DEBUG - Finished execution of function:   background_image
2022-10-01 23:06:17,076 - server - DEBUG -  function give_photo returned:   <Response streamed [304 NOT MODIFIED]>
2022-10-01 23:06:17,076 - server - DEBUG -  function give_photo returned:   <Response streamed [304 NOT MODIFIED]>
2022-10-01 23:06:17,076 - server - DEBUG - Finished execution of function:   give_photo
2022-10-01 23:06:17,076 - server - DEBUG - Finished execution of function:   give_photo
2022-10-01 23:06:17,077 - server - DEBUG -  function give_photo returned:   <Response streamed [304 NOT MODIFIED]>
2022-10-01 23:06:17,077 - server - DEBUG -  function give_photo returned:   <Response streamed [304 NOT MODIFIED]>
2022-10-01 23:06:17,076 - server - DEBUG -  function background_image returned:   <Response streamed [304 NOT MODIFIED]>
2022-10-01 23:06:17,076 - server - DEBUG -  function background_image returned:   <Response streamed [304 NOT MODIFIED]>
2022-10-01 23:06:17,078 - server - DEBUG - Finished execution of function:   give_photo
2022-10-01 23:06:17,078 - server - DEBUG - Finished execution of function:   give_photo
2022-10-01 23:06:17,078 - server - DEBUG -  function give_photo returned:   <Response streamed [304 NOT MODIFIED]>
2022-10-01 23:06:17,078 - server - DEBUG -  function give_photo returned:   <Response streamed [304 NOT MODIFIED]>
2022-10-01 23:06:17,084 - server - DEBUG - Beginning execution of function:   background_image
2022-10-01 23:06:17,084 - server - DEBUG - Beginning execution of function:   background_image
2022-10-01 23:06:17,085 - server - DEBUG - Beginning execution of function:   determine_background_image
2022-10-01 23:06:17,085 - server - DEBUG - Beginning execution of function:   determine_background_image
2022-10-01 23:06:17,085 - server - DEBUG - Finished execution of function:   determine_background_image
2022-10-01 23:06:17,085 - server - DEBUG - Finished execution of function:   determine_background_image
2022-10-01 23:06:17,085 - server - DEBUG -  function determine_background_image returned:   night
2022-10-01 23:06:17,085 - server - DEBUG -  function determine_background_image returned:   night
2022-10-01 23:06:17,085 - server - DEBUG - Beginning execution of function:   give_photo
2022-10-01 23:06:17,085 - server - DEBUG - Beginning execution of function:   give_photo
2022-10-01 23:06:17,086 - server - DEBUG - Finished execution of function:   give_photo
2022-10-01 23:06:17,086 - server - DEBUG - Finished execution of function:   give_photo
2022-10-01 23:06:17,086 - server - DEBUG -  function give_photo returned:   <Response streamed [304 NOT MODIFIED]>
2022-10-01 23:06:17,086 - server - DEBUG -  function give_photo returned:   <Response streamed [304 NOT MODIFIED]>
2022-10-01 23:06:17,086 - server - DEBUG - Finished execution of function:   background_image
2022-10-01 23:06:17,086 - server - DEBUG - Finished execution of function:   background_image
2022-10-01 23:06:17,086 - server - DEBUG -  function background_image returned:   <Response streamed [304 NOT MODIFIED]>
2022-10-01 23:06:17,086 - server - DEBUG -  function background_image returned:   <Response streamed [304 NOT MODIFIED]>
2022-10-01 23:06:34,964 - server - DEBUG - Beginning execution of function:   index
2022-10-01 23:06:34,964 - server - DEBUG - Beginning execution of function:   index
2022-10-01 23:06:34,966 - server - DEBUG - Finished execution of function:   index
2022-10-01 23:06:34,966 - server - DEBUG - Finished execution of function:   index
2022-10-01 23:06:34,966 - server - DEBUG -  function index returned:   <!DOCTYPE html> <html lang="en">  <head>     <meta charset="UTF-8">     <meta name="viewport" content="width=device-width, initial-scale=1.0">     <meta http-equiv="X-UA-Compatible" content="ie=edge">
2022-10-01 23:06:34,966 - server - DEBUG -  function index returned:   <!DOCTYPE html> <html lang="en">  <head>     <meta charset="UTF-8">     <meta name="viewport" content="width=device-width, initial-scale=1.0">     <meta http-equiv="X-UA-Compatible" content="ie=edge">
2022-10-01 23:06:35,022 - server - DEBUG - Beginning execution of function:   get_data
2022-10-01 23:06:35,022 - server - DEBUG - Beginning execution of function:   get_data
2022-10-01 23:06:35,031 - server - DEBUG - Finished execution of function:   get_data
2022-10-01 23:06:35,031 - server - DEBUG - Finished execution of function:   get_data
2022-10-01 23:06:35,032 - server - DEBUG -  function get_data returned:   <Response 5688 bytes [200 OK]>
2022-10-01 23:06:35,032 - server - DEBUG -  function get_data returned:   <Response 5688 bytes [200 OK]>
2022-10-01 23:06:35,052 - server - DEBUG - Beginning execution of function:   give_photo
2022-10-01 23:06:35,052 - server - DEBUG - Beginning execution of function:   give_photo
2022-10-01 23:06:35,055 - server - DEBUG - Finished execution of function:   give_photo
2022-10-01 23:06:35,055 - server - DEBUG - Finished execution of function:   give_photo
2022-10-01 23:06:35,057 - server - DEBUG - Beginning execution of function:   give_photo
2022-10-01 23:06:35,057 - server - DEBUG - Beginning execution of function:   give_photo
2022-10-01 23:06:35,057 - server - DEBUG -  function give_photo returned:   <Response streamed [304 NOT MODIFIED]>
2022-10-01 23:06:35,057 - server - DEBUG -  function give_photo returned:   <Response streamed [304 NOT MODIFIED]>
2022-10-01 23:06:35,059 - server - DEBUG - Beginning execution of function:   background_image
2022-10-01 23:06:35,060 - server - DEBUG - Finished execution of function:   give_photo
2022-10-01 23:06:35,059 - server - DEBUG - Beginning execution of function:   background_image
2022-10-01 23:06:35,060 - server - DEBUG - Beginning execution of function:   give_photo
2022-10-01 23:06:35,060 - server - DEBUG - Finished execution of function:   give_photo
2022-10-01 23:06:35,060 - server - DEBUG - Beginning execution of function:   give_photo
2022-10-01 23:06:35,061 - server - DEBUG -  function give_photo returned:   <Response streamed [304 NOT MODIFIED]>
2022-10-01 23:06:35,061 - server - DEBUG -  function give_photo returned:   <Response streamed [304 NOT MODIFIED]>
2022-10-01 23:06:35,063 - server - DEBUG - Finished execution of function:   give_photo
2022-10-01 23:06:35,063 - server - DEBUG - Finished execution of function:   give_photo
2022-10-01 23:06:35,063 - server - DEBUG -  function give_photo returned:   <Response streamed [304 NOT MODIFIED]>
2022-10-01 23:06:35,063 - server - DEBUG -  function give_photo returned:   <Response streamed [304 NOT MODIFIED]>
2022-10-01 23:06:35,064 - server - DEBUG - Beginning execution of function:   give_photo
2022-10-01 23:06:35,066 - server - DEBUG - Beginning execution of function:   determine_background_image
2022-10-01 23:06:35,064 - server - DEBUG - Beginning execution of function:   give_photo
2022-10-01 23:06:35,066 - server - DEBUG - Beginning execution of function:   determine_background_image
2022-10-01 23:06:35,066 - server - DEBUG - Finished execution of function:   determine_background_image
2022-10-01 23:06:35,066 - server - DEBUG - Finished execution of function:   determine_background_image
2022-10-01 23:06:35,066 - server - DEBUG -  function determine_background_image returned:   night
2022-10-01 23:06:35,066 - server - DEBUG -  function determine_background_image returned:   night
2022-10-01 23:06:35,066 - server - DEBUG - Beginning execution of function:   give_photo
2022-10-01 23:06:35,066 - server - DEBUG - Beginning execution of function:   give_photo
2022-10-01 23:06:35,067 - server - DEBUG - Beginning execution of function:   give_photo
2022-10-01 23:06:35,067 - server - DEBUG - Beginning execution of function:   give_photo
2022-10-01 23:06:35,067 - server - DEBUG - Finished execution of function:   give_photo
2022-10-01 23:06:35,067 - server - DEBUG - Finished execution of function:   give_photo
2022-10-01 23:06:35,067 - server - DEBUG - Finished execution of function:   give_photo
2022-10-01 23:06:35,068 - server - DEBUG - Beginning execution of function:   give_photo
2022-10-01 23:06:35,068 - server - DEBUG -  function give_photo returned:   <Response streamed [304 NOT MODIFIED]>
2022-10-01 23:06:35,067 - server - DEBUG - Finished execution of function:   give_photo
2022-10-01 23:06:35,068 - server - DEBUG -  function give_photo returned:   <Response streamed [304 NOT MODIFIED]>
2022-10-01 23:06:35,068 - server - DEBUG - Beginning execution of function:   give_photo
2022-10-01 23:06:35,068 - server - DEBUG -  function give_photo returned:   <Response streamed [304 NOT MODIFIED]>
2022-10-01 23:06:35,068 - server - DEBUG -  function give_photo returned:   <Response streamed [304 NOT MODIFIED]>
2022-10-01 23:06:35,068 - server - DEBUG - Finished execution of function:   background_image
2022-10-01 23:06:35,068 - server - DEBUG - Finished execution of function:   background_image
2022-10-01 23:06:35,069 - server - DEBUG - Finished execution of function:   give_photo
2022-10-01 23:06:35,069 - server - DEBUG - Finished execution of function:   give_photo
2022-10-01 23:06:35,069 - server - DEBUG -  function background_image returned:   <Response streamed [304 NOT MODIFIED]>
2022-10-01 23:06:35,069 - server - DEBUG -  function give_photo returned:   <Response streamed [304 NOT MODIFIED]>
2022-10-01 23:06:35,069 - server - DEBUG -  function background_image returned:   <Response streamed [304 NOT MODIFIED]>
2022-10-01 23:06:35,069 - server - DEBUG -  function give_photo returned:   <Response streamed [304 NOT MODIFIED]>
2022-10-01 23:06:35,069 - server - DEBUG - Finished execution of function:   give_photo
2022-10-01 23:06:35,069 - server - DEBUG - Finished execution of function:   give_photo
2022-10-01 23:06:35,070 - server - DEBUG -  function give_photo returned:   <Response streamed [304 NOT MODIFIED]>
2022-10-01 23:06:35,070 - server - DEBUG -  function give_photo returned:   <Response streamed [304 NOT MODIFIED]>
2022-10-01 23:06:35,072 - server - DEBUG - Beginning execution of function:   background_image
2022-10-01 23:06:35,072 - server - DEBUG - Beginning execution of function:   background_image
2022-10-01 23:06:35,073 - server - DEBUG - Beginning execution of function:   determine_background_image
2022-10-01 23:06:35,073 - server - DEBUG - Beginning execution of function:   determine_background_image
2022-10-01 23:06:35,073 - server - DEBUG - Finished execution of function:   determine_background_image
2022-10-01 23:06:35,073 - server - DEBUG - Finished execution of function:   determine_background_image
2022-10-01 23:06:35,073 - server - DEBUG -  function determine_background_image returned:   night
2022-10-01 23:06:35,073 - server - DEBUG -  function determine_background_image returned:   night
2022-10-01 23:06:35,074 - server - DEBUG - Beginning execution of function:   give_photo
2022-10-01 23:06:35,074 - server - DEBUG - Beginning execution of function:   give_photo
2022-10-01 23:06:35,074 - server - DEBUG - Finished execution of function:   give_photo
2022-10-01 23:06:35,074 - server - DEBUG - Finished execution of function:   give_photo
2022-10-01 23:06:35,074 - server - DEBUG -  function give_photo returned:   <Response streamed [304 NOT MODIFIED]>
2022-10-01 23:06:35,074 - server - DEBUG -  function give_photo returned:   <Response streamed [304 NOT MODIFIED]>
2022-10-01 23:06:35,074 - server - DEBUG - Finished execution of function:   background_image
2022-10-01 23:06:35,074 - server - DEBUG - Finished execution of function:   background_image
2022-10-01 23:06:35,074 - server - DEBUG -  function background_image returned:   <Response streamed [304 NOT MODIFIED]>
2022-10-01 23:06:35,074 - server - DEBUG -  function background_image returned:   <Response streamed [304 NOT MODIFIED]>
2022-10-01 23:06:46,409 - server - DEBUG - Beginning execution of function:   index
2022-10-01 23:06:46,409 - server - DEBUG - Beginning execution of function:   index
2022-10-01 23:06:46,410 - server - DEBUG - Finished execution of function:   index
2022-10-01 23:06:46,410 - server - DEBUG - Finished execution of function:   index
2022-10-01 23:06:46,410 - server - DEBUG -  function index returned:   <!DOCTYPE html> <html lang="en">  <head>     <meta charset="UTF-8">     <meta name="viewport" content="width=device-width, initial-scale=1.0">     <meta http-equiv="X-UA-Compatible" content="ie=edge">
2022-10-01 23:06:46,410 - server - DEBUG -  function index returned:   <!DOCTYPE html> <html lang="en">  <head>     <meta charset="UTF-8">     <meta name="viewport" content="width=device-width, initial-scale=1.0">     <meta http-equiv="X-UA-Compatible" content="ie=edge">
2022-10-01 23:06:46,481 - server - DEBUG - Beginning execution of function:   get_data
2022-10-01 23:06:46,481 - server - DEBUG - Beginning execution of function:   get_data
2022-10-01 23:06:46,489 - server - DEBUG - Finished execution of function:   get_data
2022-10-01 23:06:46,489 - server - DEBUG - Finished execution of function:   get_data
2022-10-01 23:06:46,489 - server - DEBUG -  function get_data returned:   <Response 5688 bytes [200 OK]>
2022-10-01 23:06:46,489 - server - DEBUG -  function get_data returned:   <Response 5688 bytes [200 OK]>
2022-10-01 23:06:46,506 - server - DEBUG - Beginning execution of function:   give_photo
2022-10-01 23:06:46,506 - server - DEBUG - Beginning execution of function:   give_photo
2022-10-01 23:06:46,506 - server - DEBUG - Beginning execution of function:   give_photo
2022-10-01 23:06:46,506 - server - DEBUG - Beginning execution of function:   give_photo
2022-10-01 23:06:46,507 - server - DEBUG - Beginning execution of function:   background_image
2022-10-01 23:06:46,507 - server - DEBUG - Beginning execution of function:   background_image
2022-10-01 23:06:46,507 - server - DEBUG - Beginning execution of function:   give_photo
2022-10-01 23:06:46,507 - server - DEBUG - Beginning execution of function:   give_photo
2022-10-01 23:06:46,508 - server - DEBUG - Finished execution of function:   give_photo
2022-10-01 23:06:46,508 - server - DEBUG - Finished execution of function:   give_photo
2022-10-01 23:06:46,508 - server - DEBUG -  function give_photo returned:   <Response streamed [304 NOT MODIFIED]>
2022-10-01 23:06:46,508 - server - DEBUG -  function give_photo returned:   <Response streamed [304 NOT MODIFIED]>
2022-10-01 23:06:46,510 - server - DEBUG - Finished execution of function:   give_photo
2022-10-01 23:06:46,510 - server - DEBUG - Finished execution of function:   give_photo
2022-10-01 23:06:46,511 - server - DEBUG - Finished execution of function:   give_photo
2022-10-01 23:06:46,511 - server - DEBUG - Finished execution of function:   give_photo
2022-10-01 23:06:46,511 - server - DEBUG -  function give_photo returned:   <Response streamed [304 NOT MODIFIED]>
2022-10-01 23:06:46,511 - server - DEBUG -  function give_photo returned:   <Response streamed [304 NOT MODIFIED]>
2022-10-01 23:06:46,512 - server - DEBUG -  function give_photo returned:   <Response streamed [304 NOT MODIFIED]>
2022-10-01 23:06:46,512 - server - DEBUG -  function give_photo returned:   <Response streamed [304 NOT MODIFIED]>
2022-10-01 23:06:46,513 - server - DEBUG - Beginning execution of function:   give_photo
2022-10-01 23:06:46,513 - server - DEBUG - Beginning execution of function:   give_photo
2022-10-01 23:06:46,514 - server - DEBUG - Beginning execution of function:   determine_background_image
2022-10-01 23:06:46,514 - server - DEBUG - Beginning execution of function:   determine_background_image
2022-10-01 23:06:46,514 - server - DEBUG - Finished execution of function:   determine_background_image
2022-10-01 23:06:46,514 - server - DEBUG - Finished execution of function:   determine_background_image
2022-10-01 23:06:46,515 - server - DEBUG - Beginning execution of function:   give_photo
2022-10-01 23:06:46,515 - server - DEBUG - Beginning execution of function:   give_photo
2022-10-01 23:06:46,515 - server - DEBUG -  function determine_background_image returned:   night
2022-10-01 23:06:46,515 - server - DEBUG -  function determine_background_image returned:   night
2022-10-01 23:06:46,515 - server - DEBUG - Finished execution of function:   give_photo
2022-10-01 23:06:46,515 - server - DEBUG - Beginning execution of function:   give_photo
2022-10-01 23:06:46,516 - server - DEBUG - Finished execution of function:   give_photo
2022-10-01 23:06:46,516 - server - DEBUG - Beginning execution of function:   give_photo
2022-10-01 23:06:46,515 - server - DEBUG - Finished execution of function:   give_photo
2022-10-01 23:06:46,516 - server - DEBUG -  function give_photo returned:   <Response streamed [304 NOT MODIFIED]>
2022-10-01 23:06:46,515 - server - DEBUG - Beginning execution of function:   give_photo
2022-10-01 23:06:46,516 - server - DEBUG - Finished execution of function:   give_photo
2022-10-01 23:06:46,516 - server - DEBUG -  function give_photo returned:   <Response streamed [304 NOT MODIFIED]>
2022-10-01 23:06:46,516 - server - DEBUG - Beginning execution of function:   give_photo
2022-10-01 23:06:46,516 - server - DEBUG -  function give_photo returned:   <Response streamed [304 NOT MODIFIED]>
2022-10-01 23:06:46,516 - server - DEBUG - Finished execution of function:   give_photo
2022-10-01 23:06:46,516 - server - DEBUG -  function give_photo returned:   <Response streamed [304 NOT MODIFIED]>
2022-10-01 23:06:46,516 - server - DEBUG - Finished execution of function:   give_photo
2022-10-01 23:06:46,517 - server - DEBUG - Finished execution of function:   give_photo
2022-10-01 23:06:46,517 - server - DEBUG - Finished execution of function:   give_photo
2022-10-01 23:06:46,517 - server - DEBUG -  function give_photo returned:   <Response streamed [304 NOT MODIFIED]>
2022-10-01 23:06:46,518 - server - DEBUG -  function give_photo returned:   <Response streamed [304 NOT MODIFIED]>
2022-10-01 23:06:46,517 - server - DEBUG -  function give_photo returned:   <Response streamed [304 NOT MODIFIED]>
2022-10-01 23:06:46,518 - server - DEBUG -  function give_photo returned:   <Response streamed [304 NOT MODIFIED]>
2022-10-01 23:06:46,518 - server - DEBUG - Finished execution of function:   background_image
2022-10-01 23:06:46,518 - server - DEBUG - Finished execution of function:   background_image
2022-10-01 23:06:46,518 - server - DEBUG -  function background_image returned:   <Response streamed [304 NOT MODIFIED]>
2022-10-01 23:06:46,518 - server - DEBUG -  function background_image returned:   <Response streamed [304 NOT MODIFIED]>
2022-10-01 23:06:46,521 - server - DEBUG - Beginning execution of function:   background_image
2022-10-01 23:06:46,521 - server - DEBUG - Beginning execution of function:   background_image
2022-10-01 23:06:46,522 - server - DEBUG - Beginning execution of function:   determine_background_image
2022-10-01 23:06:46,522 - server - DEBUG - Beginning execution of function:   determine_background_image
2022-10-01 23:06:46,522 - server - DEBUG - Finished execution of function:   determine_background_image
2022-10-01 23:06:46,522 - server - DEBUG - Finished execution of function:   determine_background_image
2022-10-01 23:06:46,522 - server - DEBUG -  function determine_background_image returned:   night
2022-10-01 23:06:46,522 - server - DEBUG -  function determine_background_image returned:   night
2022-10-01 23:06:46,523 - server - DEBUG - Beginning execution of function:   give_photo
2022-10-01 23:06:46,523 - server - DEBUG - Beginning execution of function:   give_photo
2022-10-01 23:06:46,523 - server - DEBUG - Finished execution of function:   give_photo
2022-10-01 23:06:46,523 - server - DEBUG - Finished execution of function:   give_photo
2022-10-01 23:06:46,523 - server - DEBUG -  function give_photo returned:   <Response streamed [304 NOT MODIFIED]>
2022-10-01 23:06:46,523 - server - DEBUG -  function give_photo returned:   <Response streamed [304 NOT MODIFIED]>
2022-10-01 23:06:46,523 - server - DEBUG - Finished execution of function:   background_image
2022-10-01 23:06:46,523 - server - DEBUG - Finished execution of function:   background_image
2022-10-01 23:06:46,523 - server - DEBUG -  function background_image returned:   <Response streamed [304 NOT MODIFIED]>
2022-10-01 23:06:46,523 - server - DEBUG -  function background_image returned:   <Response streamed [304 NOT MODIFIED]>
